Using pre-set license
Built from '2020.3/release' branch; Version is '2020.3.27f1 (e759542391ea) revision 15161684'; Using compiler version '192528614'; Build Type 'Release'
OS: 'Windows 10  (10.0.19044) 64bit Core' Language: 'sv' Physical Memory: 8074 MB
BatchMode: 1, IsHumanControllingUs: 0, StartBugReporterOnCrash: 0, Is64bit: 1, IsPro: 0

COMMAND LINE ARGUMENTS:
E:\Unity\2020.3.27f1\Editor\Unity.exe
-adb2
-batchMode
-noUpm
-name
AssetImportWorker2
-projectPath
E:/Work/CharacterCreator/BE4ME
-logFile
Logs/AssetImportWorker2.log
-srvPort
56575
Successfully changed project path to: E:/Work/CharacterCreator/BE4ME
E:/Work/CharacterCreator/BE4ME
Using Asset Import Pipeline V2.
Refreshing native plugins compatible for Editor in 629.06 ms, found 10 plugins.
Preloading 1 native plugins for Editor in 13.22 ms.
Initialize engine version: 2020.3.27f1 (e759542391ea)
[Subsystems] Discovering subsystems at path E:/Unity/2020.3.27f1/Editor/Data/Resources/UnitySubsystems
[Subsystems] Discovering subsystems at path E:/Work/CharacterCreator/BE4ME/Assets
GfxDevice: creating device client; threaded=0
Direct3D:
    Version:  Direct3D 11.0 [level 11.1]
    Renderer: NVIDIA GeForce GTX 1050 (ID=0x1c8d)
    Vendor:   
    VRAM:     1977 MB
    Driver:   30.0.14.9733
Initialize mono
Mono path[0] = 'E:/Unity/2020.3.27f1/Editor/Data/Managed'
Mono path[1] = 'E:/Unity/2020.3.27f1/Editor/Data/MonoBleedingEdge/lib/mono/unityjit'
Mono config path = 'E:/Unity/2020.3.27f1/Editor/Data/MonoBleedingEdge/etc'
Using monoOptions --debugger-agent=transport=dt_socket,embedding=1,server=y,suspend=n,address=127.0.0.1:56032
Begin MonoManager ReloadAssembly
Registering precompiled unity dll's ...
Register platform support module: E:/Unity/2020.3.27f1/Editor/Data/PlaybackEngines/WebGLSupport/UnityEditor.WebGL.Extensions.dll
Register platform support module: E:/Unity/2020.3.27f1/Editor/Data/PlaybackEngines/WindowsStandaloneSupport/UnityEditor.WindowsStandalone.Extensions.dll
Registered in 0.004145 seconds.
Native extension for WindowsStandalone target not found
Native extension for WebGL target not found
Refreshing native plugins compatible for Editor in 226.61 ms, found 10 plugins.
Preloading 1 native plugins for Editor in 0.11 ms.
Mono: successfully reloaded assembly
- Completed reload, in  1.807 seconds
Domain Reload Profiling:
	ReloadAssembly (1807ms)
		BeginReloadAssembly (186ms)
			ExecutionOrderSort (0ms)
			DisableScriptedObjects (0ms)
			BackupInstance (0ms)
			ReleaseScriptingObjects (0ms)
			CreateAndSetChildDomain (1ms)
		EndReloadAssembly (1418ms)
			LoadAssemblies (186ms)
			RebuildTransferFunctionScriptingTraits (0ms)
			SetupTypeCache (412ms)
			ReleaseScriptCaches (0ms)
			RebuildScriptCaches (92ms)
			SetupLoadedEditorAssemblies (631ms)
				LogAssemblyErrors (0ms)
				InitializePlatformSupportModulesInManaged (17ms)
				SetLoadedEditorAssemblies (1ms)
				RefreshPlugins (227ms)
				BeforeProcessingInitializeOnLoad (36ms)
				ProcessInitializeOnLoadAttributes (260ms)
				ProcessInitializeOnLoadMethodAttributes (90ms)
				AfterProcessingInitializeOnLoad (0ms)
				EditorAssembliesLoaded (0ms)
			ExecutionOrderSort2 (0ms)
			AwakeInstancesAfterBackupRestoration (0ms)
Platform modules already initialized, skipping
Registering precompiled user dll's ...
Registered in 0.034482 seconds.
Begin MonoManager ReloadAssembly
Native extension for WindowsStandalone target not found
Native extension for WebGL target not found
Refreshing native plugins compatible for Editor in 215.75 ms, found 10 plugins.
Preloading 1 native plugins for Editor in 0.07 ms.
Mono: successfully reloaded assembly
- Completed reload, in  4.840 seconds
Domain Reload Profiling:
	ReloadAssembly (4841ms)
		BeginReloadAssembly (310ms)
			ExecutionOrderSort (0ms)
			DisableScriptedObjects (13ms)
			BackupInstance (0ms)
			ReleaseScriptingObjects (0ms)
			CreateAndSetChildDomain (41ms)
		EndReloadAssembly (4411ms)
			LoadAssemblies (255ms)
			RebuildTransferFunctionScriptingTraits (0ms)
			SetupTypeCache (1016ms)
			ReleaseScriptCaches (1ms)
			RebuildScriptCaches (215ms)
			SetupLoadedEditorAssemblies (2559ms)
				LogAssemblyErrors (0ms)
				InitializePlatformSupportModulesInManaged (8ms)
				SetLoadedEditorAssemblies (0ms)
				RefreshPlugins (216ms)
				BeforeProcessingInitializeOnLoad (282ms)
				ProcessInitializeOnLoadAttributes (2024ms)
				ProcessInitializeOnLoadMethodAttributes (21ms)
				AfterProcessingInitializeOnLoad (9ms)
				EditorAssembliesLoaded (0ms)
			ExecutionOrderSort2 (0ms)
			AwakeInstancesAfterBackupRestoration (9ms)
Platform modules already initialized, skipping
========================================================================
Worker process is ready to serve import requests
Launched and connected shader compiler UnityShaderCompiler.exe after 0.24 seconds
Refreshing native plugins compatible for Editor in 1.69 ms, found 10 plugins.
Preloading 1 native plugins for Editor in 0.08 ms.
Unloading 5033 Unused Serialized files (Serialized files now loaded: 0)
System memory in use before: 196.2 MB.
System memory in use after: 196.6 MB.

Unloading 66 unused Assets to reduce memory usage. Loaded Objects now: 5430.
Total: 5.420800 ms (FindLiveObjects: 0.488400 ms CreateObjectMapping: 0.462300 ms MarkObjects: 4.348400 ms  DeleteObjects: 0.120200 ms)

AssetImportParameters requested are different than current active one (requested -> active):
  custom:framework-win-MediaFoundation: 216162199b28c13a410421893ffa2e32 -> 
  custom:video-decoder-ogg-theora: a1e56fd34408186e4bbccfd4996cb3dc -> 
  custom:container-muxer-webm: aa71ff27fc2769a1b78a27578f13a17b -> 
  custom:container-demuxer-webm: 4f35f7cbe854078d1ac9338744f61a02 -> 
  custom:container-demuxer-ogg: 62fdf1f143b41e24485cea50d1cbac27 -> 
  custom:video-encoder-webm-vp8: eb34c28f22e8b96e1ab97ce403110664 -> 
  custom:video-decoder-webm-vp8: 9c59270c3fd7afecdb556c50c9e8de78 -> 
  custom:audio-decoder-ogg-vorbis: bf7c407c2cedff20999df2af8eb42d56 -> 
  custom:audio-encoder-webm-vorbis: bf7c407c2cedff20999df2af8eb42d56 -> 
========================================================================
Received Import Request.
  path: Assets/Scenes/CharacterSelection.unity
  artifactKey: Guid(e37562921ae252840ae85579b8ee6dc9) Importer(815301076,1909f56bfc062723c751e8b465ee728b)
Start importing Assets/Scenes/CharacterSelection.unity using Guid(e37562921ae252840ae85579b8ee6dc9) Importer(815301076,1909f56bfc062723c751e8b465ee728b)  -> (artifact id: '52061aec316ad84d67f82c7234577eef') in 0.082831 seconds 
  Import took 0.104556 seconds .

========================================================================
Received Prepare
Registering precompiled user dll's ...
Registered in 0.017557 seconds.
Begin MonoManager ReloadAssembly
Native extension for WindowsStandalone target not found
Native extension for WebGL target not found
Refreshing native plugins compatible for Editor in 1.55 ms, found 10 plugins.
Preloading 1 native plugins for Editor in 0.08 ms.
Mono: successfully reloaded assembly
- Completed reload, in  2.089 seconds
Domain Reload Profiling:
	ReloadAssembly (2090ms)
		BeginReloadAssembly (259ms)
			ExecutionOrderSort (0ms)
			DisableScriptedObjects (17ms)
			BackupInstance (0ms)
			ReleaseScriptingObjects (0ms)
			CreateAndSetChildDomain (80ms)
		EndReloadAssembly (1718ms)
			LoadAssemblies (252ms)
			RebuildTransferFunctionScriptingTraits (0ms)
			SetupTypeCache (660ms)
			ReleaseScriptCaches (2ms)
			RebuildScriptCaches (70ms)
			SetupLoadedEditorAssemblies (538ms)
				LogAssemblyErrors (0ms)
				InitializePlatformSupportModulesInManaged (6ms)
				SetLoadedEditorAssemblies (1ms)
				RefreshPlugins (2ms)
				BeforeProcessingInitializeOnLoad (155ms)
				ProcessInitializeOnLoadAttributes (348ms)
				ProcessInitializeOnLoadMethodAttributes (22ms)
				AfterProcessingInitializeOnLoad (3ms)
				EditorAssembliesLoaded (1ms)
			ExecutionOrderSort2 (0ms)
			AwakeInstancesAfterBackupRestoration (64ms)
Platform modules already initialized, skipping
Switching build target platform(19) subTarget(0) extendedPlatform(0) -> platform(13) subTarget(589824) extendedPlatform(0)
Refreshing native plugins compatible for Editor in 1.94 ms, found 10 plugins.
Preloading 1 native plugins for Editor in 0.15 ms.
Unloading 4866 Unused Serialized files (Serialized files now loaded: 0)
System memory in use before: 184.5 MB.
System memory in use after: 184.9 MB.

Unloading 61 unused Assets to reduce memory usage. Loaded Objects now: 5433.
Total: 14.970400 ms (FindLiveObjects: 3.481900 ms CreateObjectMapping: 0.858600 ms MarkObjects: 10.547500 ms  DeleteObjects: 0.080900 ms)

AssetImportParameters requested are different than current active one (requested -> active):
  custom:framework-win-MediaFoundation: 216162199b28c13a410421893ffa2e32 -> 
  custom:video-decoder-ogg-theora: a1e56fd34408186e4bbccfd4996cb3dc -> 
  custom:container-muxer-webm: aa71ff27fc2769a1b78a27578f13a17b -> 
  custom:container-demuxer-webm: 4f35f7cbe854078d1ac9338744f61a02 -> 
  custom:container-demuxer-ogg: 62fdf1f143b41e24485cea50d1cbac27 -> 
  custom:video-encoder-webm-vp8: eb34c28f22e8b96e1ab97ce403110664 -> 
  custom:video-decoder-webm-vp8: 9c59270c3fd7afecdb556c50c9e8de78 -> 
  custom:graphics/normal-map-encoding: 01000000000000000000000000000000 -> 02000000000000000000000000000000
  custom:audio-decoder-ogg-vorbis: bf7c407c2cedff20999df2af8eb42d56 -> 
  custom:audio-encoder-webm-vorbis: bf7c407c2cedff20999df2af8eb42d56 -> 
========================================================================
Received Import Request.
  Time since last request: 88.854320 seconds.
  path: Assets/UI Images/arrow.png
  artifactKey: Guid(93233270c1fbaf54aa184e2d8ff3381d) Importer(815301076,1909f56bfc062723c751e8b465ee728b)
Start importing Assets/UI Images/arrow.png using Guid(93233270c1fbaf54aa184e2d8ff3381d) Importer(815301076,1909f56bfc062723c751e8b465ee728b)  -> (artifact id: '6de9991c400f289ed447f9d986e619fe') in 0.590776 seconds 
  Import took 0.604442 seconds .

========================================================================
Received Import Request.
  Time since last request: 0.000234 seconds.
  path: Assets/UI Images/button_orange.png
  artifactKey: Guid(93cbbb672db6c5b4dbeb151504e3c612) Importer(815301076,1909f56bfc062723c751e8b465ee728b)
Start importing Assets/UI Images/button_orange.png using Guid(93cbbb672db6c5b4dbeb151504e3c612) Importer(815301076,1909f56bfc062723c751e8b465ee728b)  -> (artifact id: '41602b04e8eaee731d40dae3ba676db4') in 0.136995 seconds 
  Import took 0.149327 seconds .

========================================================================
Received Import Request.
  Time since last request: 0.000316 seconds.
  path: Assets/UI Images/gradient_blue_linear.png
  artifactKey: Guid(809e4b37ca3fe4d45a066d4834a8a45a) Importer(815301076,1909f56bfc062723c751e8b465ee728b)
Start importing Assets/UI Images/gradient_blue_linear.png using Guid(809e4b37ca3fe4d45a066d4834a8a45a) Importer(815301076,1909f56bfc062723c751e8b465ee728b)  -> (artifact id: '28f3715026145deb1cea201181b7d209') in 0.143643 seconds 
  Import took 0.164978 seconds .

========================================================================
Received Import Request.
  Time since last request: 0.000205 seconds.
  path: Assets/UI Images/questionmark.png
  artifactKey: Guid(b58fb0579d77a4341bb680508c4b97f7) Importer(815301076,1909f56bfc062723c751e8b465ee728b)
Start importing Assets/UI Images/questionmark.png using Guid(b58fb0579d77a4341bb680508c4b97f7) Importer(815301076,1909f56bfc062723c751e8b465ee728b)  -> (artifact id: '400685666106a6b30c05a85b9c1f452c') in 0.095925 seconds 
  Import took 0.117820 seconds .

========================================================================
Received Import Request.
  Time since last request: 123.326152 seconds.
  path: Assets/Languages/Tables/button_go_in_timemachine Shared Data.asset
  artifactKey: Guid(b1d9cea60ffb44e4a98bf121fdc89db3) Importer(815301076,1909f56bfc062723c751e8b465ee728b)
Start importing Assets/Languages/Tables/button_go_in_timemachine Shared Data.asset using Guid(b1d9cea60ffb44e4a98bf121fdc89db3) Importer(815301076,1909f56bfc062723c751e8b465ee728b)  -> (artifact id: '796bb60354c75755171938f683ed57d0') in 0.188779 seconds 
  Import took 0.201887 seconds .

========================================================================
Received Import Request.
  Time since last request: 0.000267 seconds.
  path: Assets/Languages/Tables/UI_TEXT_en.asset
  artifactKey: Guid(1594771a52486e04a98afae4830a03f9) Importer(815301076,1909f56bfc062723c751e8b465ee728b)
Start importing Assets/Languages/Tables/UI_TEXT_en.asset using Guid(1594771a52486e04a98afae4830a03f9) Importer(815301076,1909f56bfc062723c751e8b465ee728b)  -> (artifact id: '744bdb36e7c5abf26f401e962b8457f9') in 0.104947 seconds 
  Import took 0.115167 seconds .

========================================================================
Received Import Request.
  Time since last request: 0.000226 seconds.
  path: Assets/Languages/Tables/UI_TEXT_sv.asset
  artifactKey: Guid(d2050a596a376dc46b6164ac46273ade) Importer(815301076,1909f56bfc062723c751e8b465ee728b)
Start importing Assets/Languages/Tables/UI_TEXT_sv.asset using Guid(d2050a596a376dc46b6164ac46273ade) Importer(815301076,1909f56bfc062723c751e8b465ee728b)  -> (artifact id: '448e0c6ede33a86169de568846d0e804') in 0.123162 seconds 
  Import took 0.135381 seconds .

========================================================================
Received Import Request.
  Time since last request: 0.000330 seconds.
  path: Assets/Languages/Tables/UI_TEXT.asset
  artifactKey: Guid(e9726459e71c3fb46af13d1ef6fcdda9) Importer(815301076,1909f56bfc062723c751e8b465ee728b)
Start importing Assets/Languages/Tables/UI_TEXT.asset using Guid(e9726459e71c3fb46af13d1ef6fcdda9) Importer(815301076,1909f56bfc062723c751e8b465ee728b)  -> (artifact id: '0a40aeb26322907365b9e3dc5bd75529') in 0.129900 seconds 
  Import took 0.146196 seconds .

========================================================================
Received Import Request.
  Time since last request: 0.000283 seconds.
  path: Assets/Languages/Tables/UI_TEXT Shared Data.asset
  artifactKey: Guid(fb25c23c7f6786d45b0d91cbbdf5b652) Importer(815301076,1909f56bfc062723c751e8b465ee728b)
Start importing Assets/Languages/Tables/UI_TEXT Shared Data.asset using Guid(fb25c23c7f6786d45b0d91cbbdf5b652) Importer(815301076,1909f56bfc062723c751e8b465ee728b)  -> (artifact id: '7c1eb39ced93e5abb13d9843b15798d1') in 0.110875 seconds 
  Import took 0.133656 seconds .

========================================================================
Received Import Request.
  Time since last request: 0.000319 seconds.
  path: Assets/Languages/Tables/button_go_in_timemachine.asset
  artifactKey: Guid(76cc39f8b1756784a9c3046729dd974f) Importer(815301076,1909f56bfc062723c751e8b465ee728b)
Start importing Assets/Languages/Tables/button_go_in_timemachine.asset using Guid(76cc39f8b1756784a9c3046729dd974f) Importer(815301076,1909f56bfc062723c751e8b465ee728b)  -> (artifact id: '37ce02a899539c6e66e5593241fc90fd') in 0.195126 seconds 
  Import took 0.206422 seconds .

========================================================================
Received Import Request.
  Time since last request: 0.000307 seconds.
  path: Assets/Languages/Tables/button_go_in_timemachine_sv.asset
  artifactKey: Guid(938c5c452e17af64494bcd2cb27ae699) Importer(815301076,1909f56bfc062723c751e8b465ee728b)
Start importing Assets/Languages/Tables/button_go_in_timemachine_sv.asset using Guid(938c5c452e17af64494bcd2cb27ae699) Importer(815301076,1909f56bfc062723c751e8b465ee728b)  -> (artifact id: '6f9086862b0bcf08269b2f2a37aab892') in 0.100517 seconds 
  Import took 0.113543 seconds .

========================================================================
Received Import Request.
  Time since last request: 0.000337 seconds.
  path: Assets/Languages/Tables/button_go_in_timemachine_en.asset
  artifactKey: Guid(34166d0967a57bb4b825b552d0a24c32) Importer(815301076,1909f56bfc062723c751e8b465ee728b)
Start importing Assets/Languages/Tables/button_go_in_timemachine_en.asset using Guid(34166d0967a57bb4b825b552d0a24c32) Importer(815301076,1909f56bfc062723c751e8b465ee728b)  -> (artifact id: '08602fc89600208f4b08cf73f65555d1') in 0.118184 seconds 
  Import took 0.132123 seconds .

========================================================================
Received Import Request.
  Time since last request: 37.678799 seconds.
  path: Assets/Languages/Tables/UI_TEXT Shared Data.asset
  artifactKey: Guid(fb25c23c7f6786d45b0d91cbbdf5b652) Importer(815301076,1909f56bfc062723c751e8b465ee728b)
Start importing Assets/Languages/Tables/UI_TEXT Shared Data.asset using Guid(fb25c23c7f6786d45b0d91cbbdf5b652) Importer(815301076,1909f56bfc062723c751e8b465ee728b)  -> (artifact id: 'da8a4db9bf45f92978b1b54d86ee7e89') in 0.018343 seconds 
  Import took 0.033744 seconds .

========================================================================
Received Import Request.
  Time since last request: 0.000295 seconds.
  path: Assets/Languages/Tables/UI_TEXT_en.asset
  artifactKey: Guid(1594771a52486e04a98afae4830a03f9) Importer(815301076,1909f56bfc062723c751e8b465ee728b)
Start importing Assets/Languages/Tables/UI_TEXT_en.asset using Guid(1594771a52486e04a98afae4830a03f9) Importer(815301076,1909f56bfc062723c751e8b465ee728b)  -> (artifact id: '4d7a15d09e0f938bf361b6955331fc89') in 0.016001 seconds 
  Import took 0.058216 seconds .

========================================================================
Received Import Request.
  Time since last request: 0.000208 seconds.
  path: Assets/Languages/Tables/UI_TEXT_sv.asset
  artifactKey: Guid(d2050a596a376dc46b6164ac46273ade) Importer(815301076,1909f56bfc062723c751e8b465ee728b)
Start importing Assets/Languages/Tables/UI_TEXT_sv.asset using Guid(d2050a596a376dc46b6164ac46273ade) Importer(815301076,1909f56bfc062723c751e8b465ee728b)  -> (artifact id: 'f1b1d63c8d277e7413743fa62c855df4') in 0.012765 seconds 
  Import took 0.026306 seconds .

========================================================================
Received Prepare
Registering precompiled user dll's ...
Registered in 0.022876 seconds.
Begin MonoManager ReloadAssembly
Native extension for WindowsStandalone target not found
Native extension for WebGL target not found
Refreshing native plugins compatible for Editor in 1.75 ms, found 10 plugins.
Preloading 1 native plugins for Editor in 0.08 ms.
Mono: successfully reloaded assembly
- Completed reload, in  2.022 seconds
Domain Reload Profiling:
	ReloadAssembly (2022ms)
		BeginReloadAssembly (182ms)
			ExecutionOrderSort (0ms)
			DisableScriptedObjects (9ms)
			BackupInstance (0ms)
			ReleaseScriptingObjects (0ms)
			CreateAndSetChildDomain (67ms)
		EndReloadAssembly (1749ms)
			LoadAssemblies (164ms)
			RebuildTransferFunctionScriptingTraits (0ms)
			SetupTypeCache (768ms)
			ReleaseScriptCaches (2ms)
			RebuildScriptCaches (83ms)
			SetupLoadedEditorAssemblies (503ms)
				LogAssemblyErrors (0ms)
				InitializePlatformSupportModulesInManaged (7ms)
				SetLoadedEditorAssemblies (1ms)
				RefreshPlugins (2ms)
				BeforeProcessingInitializeOnLoad (163ms)
				ProcessInitializeOnLoadAttributes (313ms)
				ProcessInitializeOnLoadMethodAttributes (13ms)
				AfterProcessingInitializeOnLoad (3ms)
				EditorAssembliesLoaded (1ms)
			ExecutionOrderSort2 (0ms)
			AwakeInstancesAfterBackupRestoration (54ms)
Platform modules already initialized, skipping
Switching build target platform(19) subTarget(0) extendedPlatform(0) -> platform(13) subTarget(589824) extendedPlatform(0)
Refreshing native plugins compatible for Editor in 1.49 ms, found 10 plugins.
Preloading 1 native plugins for Editor in 0.06 ms.
Unloading 4866 Unused Serialized files (Serialized files now loaded: 0)
System memory in use before: 187.8 MB.
System memory in use after: 188.2 MB.

Unloading 61 unused Assets to reduce memory usage. Loaded Objects now: 5448.
Total: 4.330900 ms (FindLiveObjects: 0.420000 ms CreateObjectMapping: 0.340800 ms MarkObjects: 3.472700 ms  DeleteObjects: 0.096200 ms)

AssetImportParameters requested are different than current active one (requested -> active):
  custom:framework-win-MediaFoundation: 216162199b28c13a410421893ffa2e32 -> 
  custom:video-decoder-ogg-theora: a1e56fd34408186e4bbccfd4996cb3dc -> 
  custom:container-muxer-webm: aa71ff27fc2769a1b78a27578f13a17b -> 
  custom:container-demuxer-webm: 4f35f7cbe854078d1ac9338744f61a02 -> 
  custom:container-demuxer-ogg: 62fdf1f143b41e24485cea50d1cbac27 -> 
  custom:video-encoder-webm-vp8: eb34c28f22e8b96e1ab97ce403110664 -> 
  custom:video-decoder-webm-vp8: 9c59270c3fd7afecdb556c50c9e8de78 -> 
  custom:graphics/normal-map-encoding: 01000000000000000000000000000000 -> 02000000000000000000000000000000
  custom:audio-decoder-ogg-vorbis: bf7c407c2cedff20999df2af8eb42d56 -> 
  custom:audio-encoder-webm-vorbis: bf7c407c2cedff20999df2af8eb42d56 -> 
========================================================================
Received Import Request.
  Time since last request: 173.816290 seconds.
  path: Assets/UI Images/CGB02-blue_L_btn.png
  artifactKey: Guid(fa08de4f971b5cf4c966e6bf4fdf64c4) Importer(815301076,1909f56bfc062723c751e8b465ee728b)
Start importing Assets/UI Images/CGB02-blue_L_btn.png using Guid(fa08de4f971b5cf4c966e6bf4fdf64c4) Importer(815301076,1909f56bfc062723c751e8b465ee728b)  -> (artifact id: 'c566faf3d8b9c352feb8272fec1d7dd2') in 0.058033 seconds 
  Import took 0.082851 seconds .

========================================================================
Received Import Request.
  Time since last request: 8.786427 seconds.
  path: Assets/UI Images/blue_button_small.png
  artifactKey: Guid(fa08de4f971b5cf4c966e6bf4fdf64c4) Importer(815301076,1909f56bfc062723c751e8b465ee728b)
Start importing Assets/UI Images/blue_button_small.png using Guid(fa08de4f971b5cf4c966e6bf4fdf64c4) Importer(815301076,1909f56bfc062723c751e8b465ee728b)  -> (artifact id: '2dec9685bf60c3cd5eae32e743f5a34c') in 0.024629 seconds 
  Import took 0.036752 seconds .

========================================================================
Received Import Request.
  Time since last request: 5.857586 seconds.
  path: Assets/UI Images/blue_button_small.png
  artifactKey: Guid(fa08de4f971b5cf4c966e6bf4fdf64c4) Importer(815301076,1909f56bfc062723c751e8b465ee728b)
Start importing Assets/UI Images/blue_button_small.png using Guid(fa08de4f971b5cf4c966e6bf4fdf64c4) Importer(815301076,1909f56bfc062723c751e8b465ee728b)  -> (artifact id: '0b2d28f1b510d0945f16ee6ef199f0ec') in 0.046681 seconds 
  Import took 0.057845 seconds .

========================================================================
Received Prepare
Registering precompiled user dll's ...
Registered in 0.019606 seconds.
Begin MonoManager ReloadAssembly
Native extension for WindowsStandalone target not found
Native extension for WebGL target not found
Refreshing native plugins compatible for Editor in 2.58 ms, found 10 plugins.
Preloading 1 native plugins for Editor in 0.09 ms.
Mono: successfully reloaded assembly
- Completed reload, in  1.985 seconds
Domain Reload Profiling:
	ReloadAssembly (1986ms)
		BeginReloadAssembly (223ms)
			ExecutionOrderSort (0ms)
			DisableScriptedObjects (6ms)
			BackupInstance (0ms)
			ReleaseScriptingObjects (0ms)
			CreateAndSetChildDomain (81ms)
		EndReloadAssembly (1686ms)
			LoadAssemblies (179ms)
			RebuildTransferFunctionScriptingTraits (0ms)
			SetupTypeCache (631ms)
			ReleaseScriptCaches (2ms)
			RebuildScriptCaches (72ms)
			SetupLoadedEditorAssemblies (577ms)
				LogAssemblyErrors (0ms)
				InitializePlatformSupportModulesInManaged (10ms)
				SetLoadedEditorAssemblies (1ms)
				RefreshPlugins (3ms)
				BeforeProcessingInitializeOnLoad (185ms)
				ProcessInitializeOnLoadAttributes (359ms)
				ProcessInitializeOnLoadMethodAttributes (16ms)
				AfterProcessingInitializeOnLoad (3ms)
				EditorAssembliesLoaded (0ms)
			ExecutionOrderSort2 (0ms)
			AwakeInstancesAfterBackupRestoration (62ms)
Platform modules already initialized, skipping
Switching build target platform(19) subTarget(0) extendedPlatform(0) -> platform(13) subTarget(589824) extendedPlatform(0)
Refreshing native plugins compatible for Editor in 2.23 ms, found 10 plugins.
Preloading 1 native plugins for Editor in 0.19 ms.
Unloading 4866 Unused Serialized files (Serialized files now loaded: 0)
System memory in use before: 187.9 MB.
System memory in use after: 188.3 MB.

Unloading 61 unused Assets to reduce memory usage. Loaded Objects now: 5455.
Total: 9.435900 ms (FindLiveObjects: 2.133200 ms CreateObjectMapping: 1.434500 ms MarkObjects: 5.781100 ms  DeleteObjects: 0.084800 ms)

AssetImportParameters requested are different than current active one (requested -> active):
  custom:framework-win-MediaFoundation: 216162199b28c13a410421893ffa2e32 -> 
  custom:video-decoder-ogg-theora: a1e56fd34408186e4bbccfd4996cb3dc -> 
  custom:container-muxer-webm: aa71ff27fc2769a1b78a27578f13a17b -> 
  custom:container-demuxer-webm: 4f35f7cbe854078d1ac9338744f61a02 -> 
  custom:container-demuxer-ogg: 62fdf1f143b41e24485cea50d1cbac27 -> 
  custom:video-encoder-webm-vp8: eb34c28f22e8b96e1ab97ce403110664 -> 
  custom:video-decoder-webm-vp8: 9c59270c3fd7afecdb556c50c9e8de78 -> 
  custom:graphics/normal-map-encoding: 01000000000000000000000000000000 -> 02000000000000000000000000000000
  custom:audio-decoder-ogg-vorbis: bf7c407c2cedff20999df2af8eb42d56 -> 
  custom:audio-encoder-webm-vorbis: bf7c407c2cedff20999df2af8eb42d56 -> 
========================================================================
Received Prepare
Registering precompiled user dll's ...
Registered in 0.023410 seconds.
Begin MonoManager ReloadAssembly
Native extension for WindowsStandalone target not found
Native extension for WebGL target not found
Refreshing native plugins compatible for Editor in 1.81 ms, found 10 plugins.
Preloading 1 native plugins for Editor in 0.12 ms.
Mono: successfully reloaded assembly
- Completed reload, in  1.721 seconds
Domain Reload Profiling:
	ReloadAssembly (1722ms)
		BeginReloadAssembly (151ms)
			ExecutionOrderSort (0ms)
			DisableScriptedObjects (6ms)
			BackupInstance (0ms)
			ReleaseScriptingObjects (0ms)
			CreateAndSetChildDomain (54ms)
		EndReloadAssembly (1497ms)
			LoadAssemblies (151ms)
			RebuildTransferFunctionScriptingTraits (0ms)
			SetupTypeCache (520ms)
			ReleaseScriptCaches (3ms)
			RebuildScriptCaches (75ms)
			SetupLoadedEditorAssemblies (527ms)
				LogAssemblyErrors (0ms)
				InitializePlatformSupportModulesInManaged (6ms)
				SetLoadedEditorAssemblies (1ms)
				RefreshPlugins (2ms)
				BeforeProcessingInitializeOnLoad (165ms)
				ProcessInitializeOnLoadAttributes (337ms)
				ProcessInitializeOnLoadMethodAttributes (14ms)
				AfterProcessingInitializeOnLoad (2ms)
				EditorAssembliesLoaded (0ms)
			ExecutionOrderSort2 (0ms)
			AwakeInstancesAfterBackupRestoration (48ms)
Platform modules already initialized, skipping
Switching build target platform(19) subTarget(0) extendedPlatform(0) -> platform(13) subTarget(589824) extendedPlatform(0)
Refreshing native plugins compatible for Editor in 1.55 ms, found 10 plugins.
Preloading 1 native plugins for Editor in 0.07 ms.
Unloading 4866 Unused Serialized files (Serialized files now loaded: 0)
System memory in use before: 187.9 MB.
System memory in use after: 188.3 MB.

Unloading 61 unused Assets to reduce memory usage. Loaded Objects now: 5458.
Total: 4.968400 ms (FindLiveObjects: 0.553600 ms CreateObjectMapping: 0.347400 ms MarkObjects: 3.956000 ms  DeleteObjects: 0.110500 ms)

AssetImportParameters requested are different than current active one (requested -> active):
  custom:framework-win-MediaFoundation: 216162199b28c13a410421893ffa2e32 -> 
  custom:video-decoder-ogg-theora: a1e56fd34408186e4bbccfd4996cb3dc -> 
  custom:container-muxer-webm: aa71ff27fc2769a1b78a27578f13a17b -> 
  custom:container-demuxer-webm: 4f35f7cbe854078d1ac9338744f61a02 -> 
  custom:container-demuxer-ogg: 62fdf1f143b41e24485cea50d1cbac27 -> 
  custom:video-encoder-webm-vp8: eb34c28f22e8b96e1ab97ce403110664 -> 
  custom:video-decoder-webm-vp8: 9c59270c3fd7afecdb556c50c9e8de78 -> 
  custom:graphics/normal-map-encoding: 01000000000000000000000000000000 -> 02000000000000000000000000000000
  custom:audio-decoder-ogg-vorbis: bf7c407c2cedff20999df2af8eb42d56 -> 
  custom:audio-encoder-webm-vorbis: bf7c407c2cedff20999df2af8eb42d56 -> 
