Using pre-set license
Built from '2020.3/release' branch; Version is '2020.3.27f1 (e759542391ea) revision 15161684'; Using compiler version '192528614'; Build Type 'Release'
OS: 'Windows 10  (10.0.19044) 64bit Core' Language: 'sv' Physical Memory: 8074 MB
BatchMode: 1, IsHumanControllingUs: 0, StartBugReporterOnCrash: 0, Is64bit: 1, IsPro: 0

COMMAND LINE ARGUMENTS:
E:\Unity\2020.3.27f1\Editor\Unity.exe
-adb2
-batchMode
-noUpm
-name
AssetImportWorker1
-projectPath
E:/Work/CharacterCreator/BE4ME
-logFile
Logs/AssetImportWorker1.log
-srvPort
54673
Successfully changed project path to: E:/Work/CharacterCreator/BE4ME
E:/Work/CharacterCreator/BE4ME
Using Asset Import Pipeline V2.
Refreshing native plugins compatible for Editor in 118.80 ms, found 10 plugins.
Preloading 1 native plugins for Editor in 2.11 ms.
Initialize engine version: 2020.3.27f1 (e759542391ea)
[Subsystems] Discovering subsystems at path E:/Unity/2020.3.27f1/Editor/Data/Resources/UnitySubsystems
[Subsystems] Discovering subsystems at path E:/Work/CharacterCreator/BE4ME/Assets
GfxDevice: creating device client; threaded=0
Direct3D:
    Version:  Direct3D 11.0 [level 11.1]
    Renderer: NVIDIA GeForce GTX 1050 (ID=0x1c8d)
    Vendor:   
    VRAM:     1977 MB
    Driver:   30.0.14.9733
Initialize mono
Mono path[0] = 'E:/Unity/2020.3.27f1/Editor/Data/Managed'
Mono path[1] = 'E:/Unity/2020.3.27f1/Editor/Data/MonoBleedingEdge/lib/mono/unityjit'
Mono config path = 'E:/Unity/2020.3.27f1/Editor/Data/MonoBleedingEdge/etc'
Using monoOptions --debugger-agent=transport=dt_socket,embedding=1,server=y,suspend=n,address=127.0.0.1:56528
Begin MonoManager ReloadAssembly
Registering precompiled unity dll's ...
Register platform support module: E:/Unity/2020.3.27f1/Editor/Data/PlaybackEngines/WebGLSupport/UnityEditor.WebGL.Extensions.dll
Register platform support module: E:/Unity/2020.3.27f1/Editor/Data/PlaybackEngines/WindowsStandaloneSupport/UnityEditor.WindowsStandalone.Extensions.dll
Registered in 0.003254 seconds.
Native extension for WindowsStandalone target not found
Native extension for WebGL target not found
Refreshing native plugins compatible for Editor in 99.99 ms, found 10 plugins.
Preloading 1 native plugins for Editor in 0.08 ms.
Mono: successfully reloaded assembly
- Completed reload, in  0.841 seconds
Domain Reload Profiling:
	ReloadAssembly (843ms)
		BeginReloadAssembly (80ms)
			ExecutionOrderSort (0ms)
			DisableScriptedObjects (0ms)
			BackupInstance (0ms)
			ReleaseScriptingObjects (0ms)
			CreateAndSetChildDomain (1ms)
		EndReloadAssembly (657ms)
			LoadAssemblies (79ms)
			RebuildTransferFunctionScriptingTraits (0ms)
			SetupTypeCache (197ms)
			ReleaseScriptCaches (0ms)
			RebuildScriptCaches (43ms)
			SetupLoadedEditorAssemblies (273ms)
				LogAssemblyErrors (0ms)
				InitializePlatformSupportModulesInManaged (10ms)
				SetLoadedEditorAssemblies (0ms)
				RefreshPlugins (102ms)
				BeforeProcessingInitializeOnLoad (22ms)
				ProcessInitializeOnLoadAttributes (106ms)
				ProcessInitializeOnLoadMethodAttributes (34ms)
				AfterProcessingInitializeOnLoad (0ms)
				EditorAssembliesLoaded (0ms)
			ExecutionOrderSort2 (0ms)
			AwakeInstancesAfterBackupRestoration (0ms)
Platform modules already initialized, skipping
Registering precompiled user dll's ...
Registered in 0.021147 seconds.
Begin MonoManager ReloadAssembly
Native extension for WindowsStandalone target not found
Native extension for WebGL target not found
Refreshing native plugins compatible for Editor in 98.03 ms, found 10 plugins.
Preloading 1 native plugins for Editor in 0.09 ms.
Mono: successfully reloaded assembly
- Completed reload, in  1.751 seconds
Domain Reload Profiling:
	ReloadAssembly (1754ms)
		BeginReloadAssembly (178ms)
			ExecutionOrderSort (0ms)
			DisableScriptedObjects (7ms)
			BackupInstance (0ms)
			ReleaseScriptingObjects (0ms)
			CreateAndSetChildDomain (22ms)
		EndReloadAssembly (1511ms)
			LoadAssemblies (270ms)
			RebuildTransferFunctionScriptingTraits (0ms)
			SetupTypeCache (438ms)
			ReleaseScriptCaches (1ms)
			RebuildScriptCaches (85ms)
			SetupLoadedEditorAssemblies (552ms)
				LogAssemblyErrors (0ms)
				InitializePlatformSupportModulesInManaged (6ms)
				SetLoadedEditorAssemblies (0ms)
				RefreshPlugins (99ms)
				BeforeProcessingInitializeOnLoad (143ms)
				ProcessInitializeOnLoadAttributes (289ms)
				ProcessInitializeOnLoadMethodAttributes (12ms)
				AfterProcessingInitializeOnLoad (4ms)
				EditorAssembliesLoaded (0ms)
			ExecutionOrderSort2 (0ms)
			AwakeInstancesAfterBackupRestoration (8ms)
Platform modules already initialized, skipping
========================================================================
Worker process is ready to serve import requests
Launched and connected shader compiler UnityShaderCompiler.exe after 0.15 seconds
Refreshing native plugins compatible for Editor in 1.42 ms, found 10 plugins.
Preloading 1 native plugins for Editor in 0.08 ms.
Unloading 4077 Unused Serialized files (Serialized files now loaded: 0)
System memory in use before: 166.3 MB.
System memory in use after: 166.5 MB.

Unloading 63 unused Assets to reduce memory usage. Loaded Objects now: 4474.
Total: 4.515700 ms (FindLiveObjects: 0.321800 ms CreateObjectMapping: 0.250300 ms MarkObjects: 3.761500 ms  DeleteObjects: 0.180900 ms)

AssetImportParameters requested are different than current active one (requested -> active):
  custom:framework-win-MediaFoundation: 216162199b28c13a410421893ffa2e32 -> 
  custom:video-decoder-ogg-theora: a1e56fd34408186e4bbccfd4996cb3dc -> 
  custom:container-muxer-webm: aa71ff27fc2769a1b78a27578f13a17b -> 
  custom:container-demuxer-webm: 4f35f7cbe854078d1ac9338744f61a02 -> 
  custom:container-demuxer-ogg: 62fdf1f143b41e24485cea50d1cbac27 -> 
  custom:video-encoder-webm-vp8: eb34c28f22e8b96e1ab97ce403110664 -> 
  custom:video-decoder-webm-vp8: 9c59270c3fd7afecdb556c50c9e8de78 -> 
  custom:audio-decoder-ogg-vorbis: bf7c407c2cedff20999df2af8eb42d56 -> 
  custom:audio-encoder-webm-vorbis: bf7c407c2cedff20999df2af8eb42d56 -> 
========================================================================
Received Import Request.
  path: Assets/gui_gameS.prefab
  artifactKey: Guid(81a8beb84a4af4147b1f4db90b3eb1b6) Importer(815301076,1909f56bfc062723c751e8b465ee728b)
Start importing Assets/gui_gameS.prefab using Guid(81a8beb84a4af4147b1f4db90b3eb1b6) Importer(815301076,1909f56bfc062723c751e8b465ee728b)  -> (artifact id: 'ca71c1b56a81fe2294dfbfd9e2354e56') in 0.185761 seconds 
  Import took 0.322149 seconds .

========================================================================
Received Import Request.
  Time since last request: 0.000961 seconds.
  path: Assets/loadingTexture.mat
  artifactKey: Guid(436282a846c1ff446a572ebcad85d9c6) Importer(815301076,1909f56bfc062723c751e8b465ee728b)
Start importing Assets/loadingTexture.mat using Guid(436282a846c1ff446a572ebcad85d9c6) Importer(815301076,1909f56bfc062723c751e8b465ee728b)  -> (artifact id: '62c71ee773340ea1e284540057b0f0de') in 0.831587 seconds 
  Import took 0.844783 seconds .

========================================================================
Received Import Request.
  Time since last request: 0.001053 seconds.
  path: Assets/ar_cursor.png
  artifactKey: Guid(195f0351612a6144f8a0461d4edbd57f) Importer(815301076,1909f56bfc062723c751e8b465ee728b)
Start importing Assets/ar_cursor.png using Guid(195f0351612a6144f8a0461d4edbd57f) Importer(815301076,1909f56bfc062723c751e8b465ee728b)  -> (artifact id: '631f231de79ccad4ca9799239693db72') in 0.088235 seconds 
  Import took 0.101787 seconds .

========================================================================
Received Import Request.
  Time since last request: 0.000969 seconds.
  path: Assets/3D Models/timemachineframeblender.fbx
  artifactKey: Guid(f2fd75814d9f6034ab4a87e6e7327fd9) Importer(815301076,1909f56bfc062723c751e8b465ee728b)
Start importing Assets/3D Models/timemachineframeblender.fbx using Guid(f2fd75814d9f6034ab4a87e6e7327fd9) Importer(815301076,1909f56bfc062723c751e8b465ee728b)  -> (artifact id: '96eb27aaf91235fd6d31b0506c835f46') in 0.402936 seconds 
  Import took 0.416019 seconds .

========================================================================
Received Import Request.
  Time since last request: 0.000630 seconds.
  path: Assets/Playground.asset
  artifactKey: Guid(837642802ba45724d85df2cd453b90fe) Importer(815301076,1909f56bfc062723c751e8b465ee728b)
Start importing Assets/Playground.asset using Guid(837642802ba45724d85df2cd453b90fe) Importer(815301076,1909f56bfc062723c751e8b465ee728b)  -> (artifact id: 'b85ee04e324755bac8c97fc4e68ce563') in 0.056853 seconds 
  Import took 0.097238 seconds .

========================================================================
Received Import Request.
  Time since last request: 297.600661 seconds.
  path: Assets/WizardPolyArt/Prefabs
  artifactKey: Guid(6db0bb99fff60fb48b231df984fad89e) Importer(815301076,1909f56bfc062723c751e8b465ee728b)
Start importing Assets/WizardPolyArt/Prefabs using Guid(6db0bb99fff60fb48b231df984fad89e) Importer(815301076,1909f56bfc062723c751e8b465ee728b)  -> (artifact id: '28509efee9d1f65ad7eb4c815c6e4dd2') in 0.074865 seconds 
  Import took 0.375781 seconds .

========================================================================
Received Import Request.
  Time since last request: 0.109266 seconds.
  path: Assets/WizardPolyArt/Prefabs/PolyArtWizardMaskTintMat.prefab
  artifactKey: Guid(dbf7a0c9d76b77a40af3104feac0641d) Importer(815301076,1909f56bfc062723c751e8b465ee728b)
Start importing Assets/WizardPolyArt/Prefabs/PolyArtWizardMaskTintMat.prefab using Guid(dbf7a0c9d76b77a40af3104feac0641d) Importer(815301076,1909f56bfc062723c751e8b465ee728b)  -> (artifact id: 'c4991b79c790cd1de92053369aa22beb') in 0.239612 seconds 
  Import took 0.255177 seconds .

========================================================================
Received Import Request.
  Time since last request: 0.000867 seconds.
  path: Assets/WizardPolyArt/Prefabs/Staff02Polyart.prefab
  artifactKey: Guid(e55280988a6fa1843a32025141146c2a) Importer(815301076,1909f56bfc062723c751e8b465ee728b)
Start importing Assets/WizardPolyArt/Prefabs/Staff02Polyart.prefab using Guid(e55280988a6fa1843a32025141146c2a) Importer(815301076,1909f56bfc062723c751e8b465ee728b)  -> (artifact id: '0f165248d258b2ca0eaa91489879e200') in 0.021999 seconds 
  Import took 0.047427 seconds .

========================================================================
Received Import Request.
  Time since last request: 0.000973 seconds.
  path: Assets/WizardPolyArt/Prefabs/Staff03PolyArt.prefab
  artifactKey: Guid(c413fed5af1bfe847af0ed883ee868db) Importer(815301076,1909f56bfc062723c751e8b465ee728b)
Start importing Assets/WizardPolyArt/Prefabs/Staff03PolyArt.prefab using Guid(c413fed5af1bfe847af0ed883ee868db) Importer(815301076,1909f56bfc062723c751e8b465ee728b)  -> (artifact id: '8f6dd52c564aaa103ebcd782cd57dbde') in 0.027495 seconds 
  Import took 0.190387 seconds .

========================================================================
Received Import Request.
  Time since last request: 0.000960 seconds.
  path: Assets/WizardPolyArt/Prefabs/Staff01PolyArt.prefab
  artifactKey: Guid(713f90f70ef14794bbdcabcb038f4ae7) Importer(815301076,1909f56bfc062723c751e8b465ee728b)
Start importing Assets/WizardPolyArt/Prefabs/Staff01PolyArt.prefab using Guid(713f90f70ef14794bbdcabcb038f4ae7) Importer(815301076,1909f56bfc062723c751e8b465ee728b)  -> (artifact id: '87a33b5f3a2b20be27a91b2bef4d709d') in 0.025457 seconds 
  Import took 0.343976 seconds .

========================================================================
Received Import Request.
  Time since last request: 0.001394 seconds.
  path: Assets/WizardPolyArt/Prefabs/PolyArtWizardStandardMat.prefab
  artifactKey: Guid(ccd8c3b89aa02e943a08ab9238a8a70c) Importer(815301076,1909f56bfc062723c751e8b465ee728b)
Start importing Assets/WizardPolyArt/Prefabs/PolyArtWizardStandardMat.prefab using Guid(ccd8c3b89aa02e943a08ab9238a8a70c) Importer(815301076,1909f56bfc062723c751e8b465ee728b)  -> (artifact id: 'fe2ddeb02f9de5f1bbe24d3ef5938132') in 0.057516 seconds 
  Import took 0.073543 seconds .

========================================================================
Received Import Request.
  Time since last request: 34.875520 seconds.
  path: Assets/WizardPolyArt/Mesh
  artifactKey: Guid(e7f255dd32b819c4c85b13b3ff796faa) Importer(815301076,1909f56bfc062723c751e8b465ee728b)
Start importing Assets/WizardPolyArt/Mesh using Guid(e7f255dd32b819c4c85b13b3ff796faa) Importer(815301076,1909f56bfc062723c751e8b465ee728b)  -> (artifact id: '33e6c3c8cb8a0bfb85648c6554d9e2a5') in 0.013178 seconds 
  Import took 0.030476 seconds .

========================================================================
Received Import Request.
  Time since last request: 0.002675 seconds.
  path: Assets/WizardPolyArt/Mesh/PolyArtWizardMesh.fbx
  artifactKey: Guid(bed7a092d53e7c748bd65db98cebf9d6) Importer(815301076,1909f56bfc062723c751e8b465ee728b)
Start importing Assets/WizardPolyArt/Mesh/PolyArtWizardMesh.fbx using Guid(bed7a092d53e7c748bd65db98cebf9d6) Importer(815301076,1909f56bfc062723c751e8b465ee728b)  -> (artifact id: 'a21038e56d40efe7179df14293c45cd3') in 0.118818 seconds 
  Import took 0.134257 seconds .

========================================================================
Received Import Request.
  Time since last request: 0.000844 seconds.
  path: Assets/WizardPolyArt/Mesh/Stage.fbx
  artifactKey: Guid(2c3dec735ce36e3498c2379c6673b473) Importer(815301076,1909f56bfc062723c751e8b465ee728b)
Start importing Assets/WizardPolyArt/Mesh/Stage.fbx using Guid(2c3dec735ce36e3498c2379c6673b473) Importer(815301076,1909f56bfc062723c751e8b465ee728b)  -> (artifact id: '31672cf55fda84dc377c6eba61c187d5') in 0.032335 seconds 
  Import took 0.045985 seconds .

========================================================================
Received Import Request.
  Time since last request: 0.000809 seconds.
  path: Assets/WizardPolyArt/Mesh/Staff01PolyArt.fbx
  artifactKey: Guid(199d5221dad59a74aa0d8d47e83e6e03) Importer(815301076,1909f56bfc062723c751e8b465ee728b)
Start importing Assets/WizardPolyArt/Mesh/Staff01PolyArt.fbx using Guid(199d5221dad59a74aa0d8d47e83e6e03) Importer(815301076,1909f56bfc062723c751e8b465ee728b)  -> (artifact id: '06363f122e7903a896813e358b9703e6') in 0.024522 seconds 
  Import took 0.149755 seconds .

========================================================================
Received Import Request.
  Time since last request: 0.000782 seconds.
  path: Assets/WizardPolyArt/Mesh/Staff03PolyArt.fbx
  artifactKey: Guid(4568399afa0fdc64bb50a337c6acb100) Importer(815301076,1909f56bfc062723c751e8b465ee728b)
Start importing Assets/WizardPolyArt/Mesh/Staff03PolyArt.fbx using Guid(4568399afa0fdc64bb50a337c6acb100) Importer(815301076,1909f56bfc062723c751e8b465ee728b)  -> (artifact id: 'c81f381f34b1b6c7bcc700348c0cf736') in 0.049762 seconds 
  Import took 0.151311 seconds .

========================================================================
Received Import Request.
  Time since last request: 0.001059 seconds.
  path: Assets/WizardPolyArt/Mesh/Staff02Polyart.fbx
  artifactKey: Guid(2c0ecfd652b241a49bd3082fed66c356) Importer(815301076,1909f56bfc062723c751e8b465ee728b)
Start importing Assets/WizardPolyArt/Mesh/Staff02Polyart.fbx using Guid(2c0ecfd652b241a49bd3082fed66c356) Importer(815301076,1909f56bfc062723c751e8b465ee728b)  -> (artifact id: '06c1cd2d7a14f47099a880690c291099') in 0.025875 seconds 
  Import took 0.039174 seconds .

========================================================================
Received Import Request.
  Time since last request: 31.717554 seconds.
  path: Assets/WizardPolyArt/Prefabs/PolyArtWizardStandardMat.prefab
  artifactKey: Guid(ccd8c3b89aa02e943a08ab9238a8a70c) Importer(815301076,1909f56bfc062723c751e8b465ee728b)
Start importing Assets/WizardPolyArt/Prefabs/PolyArtWizardStandardMat.prefab using Guid(ccd8c3b89aa02e943a08ab9238a8a70c) Importer(815301076,1909f56bfc062723c751e8b465ee728b)  -> (artifact id: '0384ec27a9303968c792e176079c3a13') in 0.049298 seconds 
  Import took 0.073627 seconds .

========================================================================
Received Import Request.
  Time since last request: 11.172930 seconds.
  path: Assets/WizardPolyArt/Prefabs/PolyArtWizardMaskTintMat.prefab
  artifactKey: Guid(dbf7a0c9d76b77a40af3104feac0641d) Importer(815301076,1909f56bfc062723c751e8b465ee728b)
Start importing Assets/WizardPolyArt/Prefabs/PolyArtWizardMaskTintMat.prefab using Guid(dbf7a0c9d76b77a40af3104feac0641d) Importer(815301076,1909f56bfc062723c751e8b465ee728b)  -> (artifact id: 'c4c2ed9ca462c18496f97c7daac096e6') in 0.041411 seconds 
  Import took 0.067678 seconds .

========================================================================
Received Import Request.
  Time since last request: 37.816587 seconds.
  path: Assets/WizardPolyArt/Materials
  artifactKey: Guid(dad597d92b882e3488a73ab36ab2d495) Importer(815301076,1909f56bfc062723c751e8b465ee728b)
Start importing Assets/WizardPolyArt/Materials using Guid(dad597d92b882e3488a73ab36ab2d495) Importer(815301076,1909f56bfc062723c751e8b465ee728b)  -> (artifact id: '434733306568836655be51838620f095') in 0.012270 seconds 
  Import took 0.028929 seconds .

========================================================================
Received Import Request.
  Time since last request: 0.030738 seconds.
  path: Assets/WizardPolyArt/Materials/PolyArtMaskTint 1.mat
  artifactKey: Guid(bc69fc6ad5b6c7645aa0c00ecda79767) Importer(815301076,1909f56bfc062723c751e8b465ee728b)
Start importing Assets/WizardPolyArt/Materials/PolyArtMaskTint 1.mat using Guid(bc69fc6ad5b6c7645aa0c00ecda79767) Importer(815301076,1909f56bfc062723c751e8b465ee728b)  -> (artifact id: 'f0e9d06cca0b5a116b9b34a230c4bb8c') in 0.027862 seconds 
  Import took 0.053660 seconds .

========================================================================
Received Import Request.
  Time since last request: 0.000875 seconds.
  path: Assets/WizardPolyArt/Materials/PolyArtMaskTint.mat
  artifactKey: Guid(aa2697fc5c62ddc469c79075db26cab4) Importer(815301076,1909f56bfc062723c751e8b465ee728b)
Start importing Assets/WizardPolyArt/Materials/PolyArtMaskTint.mat using Guid(aa2697fc5c62ddc469c79075db26cab4) Importer(815301076,1909f56bfc062723c751e8b465ee728b)  -> (artifact id: 'f4d7437309f1f4ae7fa3476c8e092bdb') in 0.025895 seconds 
  Import took 0.049916 seconds .

========================================================================
Received Import Request.
  Time since last request: 0.000846 seconds.
  path: Assets/WizardPolyArt/Materials/Skybox_Mat.mat
  artifactKey: Guid(876adbb903b878f42bc10fc9ae36b9a2) Importer(815301076,1909f56bfc062723c751e8b465ee728b)
Start importing Assets/WizardPolyArt/Materials/Skybox_Mat.mat using Guid(876adbb903b878f42bc10fc9ae36b9a2) Importer(815301076,1909f56bfc062723c751e8b465ee728b)  -> (artifact id: '93f3cff5bbbd2f3dd6d1080d82995819') in 0.155590 seconds 
  Import took 0.168605 seconds .

========================================================================
Received Import Request.
  Time since last request: 11.120008 seconds.
  path: Assets/WizardPolyArt/Textures/ForPBRMaskTintShader/PolyArtAlbedo.png
  artifactKey: Guid(4960428282afaef44ab798134d3c2db0) Importer(815301076,1909f56bfc062723c751e8b465ee728b)
Start importing Assets/WizardPolyArt/Textures/ForPBRMaskTintShader/PolyArtAlbedo.png using Guid(4960428282afaef44ab798134d3c2db0) Importer(815301076,1909f56bfc062723c751e8b465ee728b)  -> (artifact id: '7fc937abdfc19bcf4f861ff0d2c85b4b') in 0.075849 seconds 
  Import took 0.253920 seconds .

========================================================================
Received Import Request.
  Time since last request: 0.001187 seconds.
  path: Assets/WizardPolyArt/Textures/ForPBRMaskTintShader/PolyArtMask.png
  artifactKey: Guid(c47c9719298650c47a7f2042127ff9d8) Importer(815301076,1909f56bfc062723c751e8b465ee728b)
Start importing Assets/WizardPolyArt/Textures/ForPBRMaskTintShader/PolyArtMask.png using Guid(c47c9719298650c47a7f2042127ff9d8) Importer(815301076,1909f56bfc062723c751e8b465ee728b)  -> (artifact id: '2a7c3f6d37b1f92914fbcfece7eaa1f7') in 0.027238 seconds 
  Import took 0.042557 seconds .

========================================================================
Received Import Request.
  Time since last request: 156.094593 seconds.
  path: Assets/WizardPolyArt/Textures/ForStandardShader/polyArtTex.png
  artifactKey: Guid(367fb8c3e96202542b61122c3b392cc6) Importer(815301076,1909f56bfc062723c751e8b465ee728b)
Start importing Assets/WizardPolyArt/Textures/ForStandardShader/polyArtTex.png using Guid(367fb8c3e96202542b61122c3b392cc6) Importer(815301076,1909f56bfc062723c751e8b465ee728b)  -> (artifact id: '709a162e4279b5a451e25ccab7db4c97') in 0.040979 seconds 
  Import took 0.058019 seconds .

========================================================================
Received Import Request.
  Time since last request: 35.704550 seconds.
  path: Assets/WizardPolyArt/Textures/ForPBRMaskTintShader/PolyArtAlbedo.png
  artifactKey: Guid(4960428282afaef44ab798134d3c2db0) Importer(815301076,1909f56bfc062723c751e8b465ee728b)
Start importing Assets/WizardPolyArt/Textures/ForPBRMaskTintShader/PolyArtAlbedo.png using Guid(4960428282afaef44ab798134d3c2db0) Importer(815301076,1909f56bfc062723c751e8b465ee728b)  -> (artifact id: 'e7dc950ffbf68464662a46e74a5b88b5') in 0.020061 seconds 
  Import took 0.036083 seconds .

========================================================================
Received Import Request.
  Time since last request: 33.461203 seconds.
  path: Assets/WizardPolyArt/Shader/PolyArtMaskTint.shader
  artifactKey: Guid(b3b027031f09c4b4c83228ddb863368b) Importer(815301076,1909f56bfc062723c751e8b465ee728b)
Start importing Assets/WizardPolyArt/Shader/PolyArtMaskTint.shader using Guid(b3b027031f09c4b4c83228ddb863368b) Importer(815301076,1909f56bfc062723c751e8b465ee728b)  -> (artifact id: '12f25c3183949cff95a54429c6793336') in 0.020968 seconds 
  Import took 0.055615 seconds .

========================================================================
Received Import Request.
  Time since last request: 129.775393 seconds.
  path: Assets/WizardPolyArt/Animations/BattleWalkForward.fbx
  artifactKey: Guid(d08cb4da34e0ede4c82e968040ea86c4) Importer(815301076,1909f56bfc062723c751e8b465ee728b)
Start importing Assets/WizardPolyArt/Animations/BattleWalkForward.fbx using Guid(d08cb4da34e0ede4c82e968040ea86c4) Importer(815301076,1909f56bfc062723c751e8b465ee728b)  -> (artifact id: '47058c00fc7ca95867b5bbba107c071c') in 0.109797 seconds 
  Import took 0.126276 seconds .

========================================================================
Received Import Request.
  Time since last request: 0.000669 seconds.
  path: Assets/WizardPolyArt/Animations/Idle01.fbx
  artifactKey: Guid(c24d7c58cefa37a4a84ebd75f98bcfc7) Importer(815301076,1909f56bfc062723c751e8b465ee728b)
Start importing Assets/WizardPolyArt/Animations/Idle01.fbx using Guid(c24d7c58cefa37a4a84ebd75f98bcfc7) Importer(815301076,1909f56bfc062723c751e8b465ee728b)  -> (artifact id: 'b23b00de59841ea25d98862749ba8286') in 0.067868 seconds 
  Import took 0.083012 seconds .

========================================================================
Received Import Request.
  Time since last request: 0.000737 seconds.
  path: Assets/WizardPolyArt/Animations/WalkForward.fbx
  artifactKey: Guid(8254954c6c0cf98469be07a2c0a87db8) Importer(815301076,1909f56bfc062723c751e8b465ee728b)
Start importing Assets/WizardPolyArt/Animations/WalkForward.fbx using Guid(8254954c6c0cf98469be07a2c0a87db8) Importer(815301076,1909f56bfc062723c751e8b465ee728b)  -> (artifact id: '76d0bd34e29734633e0ca4ea85ddcc2e') in 0.063121 seconds 
  Import took 0.078427 seconds .

========================================================================
Received Import Request.
  Time since last request: 0.000778 seconds.
  path: Assets/WizardPolyArt/Animations/Idle02.fbx
  artifactKey: Guid(b66c3422f4986334c9ff55882cf84247) Importer(815301076,1909f56bfc062723c751e8b465ee728b)
Start importing Assets/WizardPolyArt/Animations/Idle02.fbx using Guid(b66c3422f4986334c9ff55882cf84247) Importer(815301076,1909f56bfc062723c751e8b465ee728b)  -> (artifact id: 'f56417cb4891f9c901c8f536f646e2ab') in 0.056955 seconds 
  Import took 0.073157 seconds .

========================================================================
Received Import Request.
  Time since last request: 0.000661 seconds.
  path: Assets/WizardPolyArt/Animations/Dizzy.fbx
  artifactKey: Guid(7d2e0a865aa3eca4a9fa04b999ad8f25) Importer(815301076,1909f56bfc062723c751e8b465ee728b)
Start importing Assets/WizardPolyArt/Animations/Dizzy.fbx using Guid(7d2e0a865aa3eca4a9fa04b999ad8f25) Importer(815301076,1909f56bfc062723c751e8b465ee728b)  -> (artifact id: '74088a449310c6e86352cec5f8161659') in 0.045762 seconds 
  Import took 0.074248 seconds .

========================================================================
Received Import Request.
  Time since last request: 16.257618 seconds.
  path: Assets/Prefabs/AudioHandler.prefab
  artifactKey: Guid(208904d5d17706649a5aaf789d076faf) Importer(815301076,1909f56bfc062723c751e8b465ee728b)
Start importing Assets/Prefabs/AudioHandler.prefab using Guid(208904d5d17706649a5aaf789d076faf) Importer(815301076,1909f56bfc062723c751e8b465ee728b)  -> (artifact id: '939a259ae47f1d58d3ae023c74673a21') in 0.138408 seconds 
  Import took 0.152496 seconds .

========================================================================
Received Import Request.
  Time since last request: 0.001087 seconds.
  path: Assets/Prefabs/playgroundTestPrefab.prefab
  artifactKey: Guid(eff49018320e29743aa1df5aaffe30b7) Importer(815301076,1909f56bfc062723c751e8b465ee728b)
Start importing Assets/Prefabs/playgroundTestPrefab.prefab using Guid(eff49018320e29743aa1df5aaffe30b7) Importer(815301076,1909f56bfc062723c751e8b465ee728b)  -> (artifact id: '44cb39a632b39ad97de06e0a19079c4b') in 0.041853 seconds 
  Import took 0.056835 seconds .

========================================================================
Received Import Request.
  Time since last request: 0.001974 seconds.
  path: Assets/Prefabs/Cursor.prefab
  artifactKey: Guid(2f269ac3fb922d44b9f536807ef99df5) Importer(815301076,1909f56bfc062723c751e8b465ee728b)
Start importing Assets/Prefabs/Cursor.prefab using Guid(2f269ac3fb922d44b9f536807ef99df5) Importer(815301076,1909f56bfc062723c751e8b465ee728b)  -> (artifact id: '78017e14fc299560a9d9594bb95446d8') in 0.122113 seconds 
  Import took 0.137817 seconds .

========================================================================
Received Import Request.
  Time since last request: 0.000879 seconds.
  path: Assets/Prefabs/CharacterManager.prefab
  artifactKey: Guid(e61baee82becd44429b45d64e68ecbf9) Importer(815301076,1909f56bfc062723c751e8b465ee728b)
Start importing Assets/Prefabs/CharacterManager.prefab using Guid(e61baee82becd44429b45d64e68ecbf9) Importer(815301076,1909f56bfc062723c751e8b465ee728b)  -> (artifact id: 'a3f207cd044e29d50e78efe8d9938caf') in 0.128482 seconds 
  Import took 0.142280 seconds .

========================================================================
Received Import Request.
  Time since last request: 0.000726 seconds.
  path: Assets/Prefabs/Play.prefab
  artifactKey: Guid(c5c32707e5c0441458d6d9dc010317e5) Importer(815301076,1909f56bfc062723c751e8b465ee728b)
Start importing Assets/Prefabs/Play.prefab using Guid(c5c32707e5c0441458d6d9dc010317e5) Importer(815301076,1909f56bfc062723c751e8b465ee728b)  -> (artifact id: '307142a50da71830896f3e223179a529') in 0.023436 seconds 
  Import took 0.097571 seconds .

========================================================================
Received Import Request.
  Time since last request: 0.689286 seconds.
  path: Assets/Prefabs/Characters/Capsule.prefab
  artifactKey: Guid(1aa8ff9895486964f92b7a007fa03acd) Importer(815301076,1909f56bfc062723c751e8b465ee728b)
Start importing Assets/Prefabs/Characters/Capsule.prefab using Guid(1aa8ff9895486964f92b7a007fa03acd) Importer(815301076,1909f56bfc062723c751e8b465ee728b)  -> (artifact id: '435af9d550d789ae2398d4591e4cc0d1') in 0.146548 seconds 
  Import took 0.160084 seconds .

========================================================================
Received Import Request.
  Time since last request: 0.001321 seconds.
  path: Assets/Prefabs/Characters/CubeObject.prefab
  artifactKey: Guid(fe573e7abb8af466791f07600c0785e3) Importer(815301076,1909f56bfc062723c751e8b465ee728b)
Start importing Assets/Prefabs/Characters/CubeObject.prefab using Guid(fe573e7abb8af466791f07600c0785e3) Importer(815301076,1909f56bfc062723c751e8b465ee728b)  -> (artifact id: '54e3389834eb996ff1f852575ccb346d') in 0.032764 seconds 
  Import took 0.048441 seconds .

========================================================================
Received Import Request.
  Time since last request: 3.060548 seconds.
  path: Assets/Prefabs/Players
  artifactKey: Guid(dfb450f9b5c4d8a42a9ac808deef571e) Importer(815301076,1909f56bfc062723c751e8b465ee728b)
Start importing Assets/Prefabs/Players using Guid(dfb450f9b5c4d8a42a9ac808deef571e) Importer(815301076,1909f56bfc062723c751e8b465ee728b)  -> (artifact id: '72d54e5751aa4fdcff61cfc9a81302a8') in 0.012748 seconds 
  Import took 0.029476 seconds .

========================================================================
Received Import Request.
  Time since last request: 0.107016 seconds.
  path: Assets/Prefabs/Players/Player1.prefab
  artifactKey: Guid(7bd120b7f35a71244b374f0b53149b08) Importer(815301076,1909f56bfc062723c751e8b465ee728b)
Start importing Assets/Prefabs/Players/Player1.prefab using Guid(7bd120b7f35a71244b374f0b53149b08) Importer(815301076,1909f56bfc062723c751e8b465ee728b)  -> (artifact id: '18e6cf9a15c3afb506c08be0615fe8fe') in 0.148605 seconds 
  Import took 0.162769 seconds .

========================================================================
Received Import Request.
  Time since last request: 0.000967 seconds.
  path: Assets/Prefabs/Players/Player2.prefab
  artifactKey: Guid(561088a0d441b3846a20565edb174960) Importer(815301076,1909f56bfc062723c751e8b465ee728b)
Start importing Assets/Prefabs/Players/Player2.prefab using Guid(561088a0d441b3846a20565edb174960) Importer(815301076,1909f56bfc062723c751e8b465ee728b)  -> (artifact id: 'f072abe5a5f797ac235bd0dcab28674d') in 0.027462 seconds 
  Import took 0.141515 seconds .

========================================================================
Received Import Request.
  Time since last request: 0.001451 seconds.
  path: Assets/Prefabs/Players/Player3.prefab
  artifactKey: Guid(392381ab0fe2e7541b6485da62ed6700) Importer(815301076,1909f56bfc062723c751e8b465ee728b)
Start importing Assets/Prefabs/Players/Player3.prefab using Guid(392381ab0fe2e7541b6485da62ed6700) Importer(815301076,1909f56bfc062723c751e8b465ee728b)  -> (artifact id: '5c78dd14e64f8615e6f335c13c1fa51c') in 0.035076 seconds 
  Import took 0.085514 seconds .

========================================================================
Received Import Request.
  Time since last request: 6.193818 seconds.
  path: Assets/Prefabs/Players/PolyArtWizardMesh.prefab
  artifactKey: Guid(e6b2854d61499114fbf3c71d6e33a9e9) Importer(815301076,1909f56bfc062723c751e8b465ee728b)
Start importing Assets/Prefabs/Players/PolyArtWizardMesh.prefab using Guid(e6b2854d61499114fbf3c71d6e33a9e9) Importer(815301076,1909f56bfc062723c751e8b465ee728b)  -> (artifact id: '21015e03a4c525c041f1d77462bf1fa9') in 0.070221 seconds 
  Import took 0.089768 seconds .

========================================================================
Received Import Request.
  Time since last request: 30.095771 seconds.
  path: Assets/Prefabs/Players/PolyArtWizardMesh 1.prefab
  artifactKey: Guid(506bcf6aaaf4393479fa91436d38bffc) Importer(815301076,1909f56bfc062723c751e8b465ee728b)
Start importing Assets/Prefabs/Players/PolyArtWizardMesh 1.prefab using Guid(506bcf6aaaf4393479fa91436d38bffc) Importer(815301076,1909f56bfc062723c751e8b465ee728b)  -> (artifact id: '098220c286e8393113af9b3a7301f2b3') in 0.063467 seconds 
  Import took 0.078812 seconds .

========================================================================
Received Import Request.
  Time since last request: 27.384527 seconds.
  path: Assets/Prefabs/Players/PolyArtWizardMesh 1 1.prefab
  artifactKey: Guid(9e61ba18cb5ff7e4bb8d7cdc00a2a9b5) Importer(815301076,1909f56bfc062723c751e8b465ee728b)
Start importing Assets/Prefabs/Players/PolyArtWizardMesh 1 1.prefab using Guid(9e61ba18cb5ff7e4bb8d7cdc00a2a9b5) Importer(815301076,1909f56bfc062723c751e8b465ee728b)  -> (artifact id: 'c872732fd899f79e4d4c3c70f05bf6e2') in 0.075927 seconds 
  Import took 0.101907 seconds .

========================================================================
Received Import Request.
  Time since last request: 24.804895 seconds.
  path: Assets/Prefabs/Players/Wizard1.prefab
  artifactKey: Guid(e6b2854d61499114fbf3c71d6e33a9e9) Importer(815301076,1909f56bfc062723c751e8b465ee728b)
Start importing Assets/Prefabs/Players/Wizard1.prefab using Guid(e6b2854d61499114fbf3c71d6e33a9e9) Importer(815301076,1909f56bfc062723c751e8b465ee728b)  -> (artifact id: '160f418ede25d6bca7dd5f169f1d04f7') in 0.049290 seconds 
  Import took 0.063735 seconds .

========================================================================
Received Import Request.
  Time since last request: 14.634756 seconds.
  path: Assets/Prefabs/Players/Wizard2.prefab
  artifactKey: Guid(506bcf6aaaf4393479fa91436d38bffc) Importer(815301076,1909f56bfc062723c751e8b465ee728b)
Start importing Assets/Prefabs/Players/Wizard2.prefab using Guid(506bcf6aaaf4393479fa91436d38bffc) Importer(815301076,1909f56bfc062723c751e8b465ee728b)  -> (artifact id: '32bd7d69335c418a3842da2c24f7f46b') in 0.068922 seconds 
  Import took 0.088695 seconds .

========================================================================
Received Import Request.
  Time since last request: 9.125096 seconds.
  path: Assets/Prefabs/Players/Wizard3.prefab
  artifactKey: Guid(9e61ba18cb5ff7e4bb8d7cdc00a2a9b5) Importer(815301076,1909f56bfc062723c751e8b465ee728b)
Start importing Assets/Prefabs/Players/Wizard3.prefab using Guid(9e61ba18cb5ff7e4bb8d7cdc00a2a9b5) Importer(815301076,1909f56bfc062723c751e8b465ee728b)  -> (artifact id: '0dda04ed00eb5b9f065ef6c4c17876f8') in 0.082423 seconds 
  Import took 0.109054 seconds .

========================================================================
Received Import Request.
  Time since last request: 42.157556 seconds.
  path: Assets/Scenes/MapScene.unity
  artifactKey: Guid(9fc0d4010bbf28b4594072e72b8655ab) Importer(815301076,1909f56bfc062723c751e8b465ee728b)
Start importing Assets/Scenes/MapScene.unity using Guid(9fc0d4010bbf28b4594072e72b8655ab) Importer(815301076,1909f56bfc062723c751e8b465ee728b)  -> (artifact id: '84b8102b8c64888577f28a9297c017ec') in 0.032821 seconds 
  Import took 0.154780 seconds .

========================================================================
Received Import Request.
  Time since last request: 22.284327 seconds.
  path: Assets/Scenes/CharacterSelection.unity
  artifactKey: Guid(e37562921ae252840ae85579b8ee6dc9) Importer(815301076,1909f56bfc062723c751e8b465ee728b)
Start importing Assets/Scenes/CharacterSelection.unity using Guid(e37562921ae252840ae85579b8ee6dc9) Importer(815301076,1909f56bfc062723c751e8b465ee728b)  -> (artifact id: 'ac9584760208e8e104a01d27736930fe') in 0.013695 seconds 
  Import took 0.030249 seconds .

========================================================================
Received Import Request.
  Time since last request: 119.822873 seconds.
  path: Assets/WizardPolyArt/Animations/WizardAnimControl.controller
  artifactKey: Guid(2890c9060ce4f6b45b4082d87f47b27e) Importer(815301076,1909f56bfc062723c751e8b465ee728b)
Start importing Assets/WizardPolyArt/Animations/WizardAnimControl.controller using Guid(2890c9060ce4f6b45b4082d87f47b27e) Importer(815301076,1909f56bfc062723c751e8b465ee728b)  -> (artifact id: '2c3544bc58b4275cebb52f07ca1e4e0f') in 0.033771 seconds 
  Import took 0.062511 seconds .

========================================================================
Received Prepare
Registering precompiled user dll's ...
Registered in 0.409003 seconds.
Begin MonoManager ReloadAssembly
Native extension for WindowsStandalone target not found
Native extension for WebGL target not found
Refreshing native plugins compatible for Editor in 1.54 ms, found 10 plugins.
Preloading 1 native plugins for Editor in 0.10 ms.
Mono: successfully reloaded assembly
- Completed reload, in  1.655 seconds
Domain Reload Profiling:
	ReloadAssembly (1656ms)
		BeginReloadAssembly (184ms)
			ExecutionOrderSort (0ms)
			DisableScriptedObjects (10ms)
			BackupInstance (0ms)
			ReleaseScriptingObjects (0ms)
			CreateAndSetChildDomain (59ms)
		EndReloadAssembly (1391ms)
			LoadAssemblies (155ms)
			RebuildTransferFunctionScriptingTraits (0ms)
			SetupTypeCache (469ms)
			ReleaseScriptCaches (2ms)
			RebuildScriptCaches (68ms)
			SetupLoadedEditorAssemblies (450ms)
				LogAssemblyErrors (0ms)
				InitializePlatformSupportModulesInManaged (6ms)
				SetLoadedEditorAssemblies (1ms)
				RefreshPlugins (2ms)
				BeforeProcessingInitializeOnLoad (134ms)
				ProcessInitializeOnLoadAttributes (293ms)
				ProcessInitializeOnLoadMethodAttributes (11ms)
				AfterProcessingInitializeOnLoad (3ms)
				EditorAssembliesLoaded (0ms)
			ExecutionOrderSort2 (0ms)
			AwakeInstancesAfterBackupRestoration (21ms)
Platform modules already initialized, skipping
Switching build target platform(19) subTarget(0) extendedPlatform(0) -> platform(13) subTarget(589824) extendedPlatform(0)
Refreshing native plugins compatible for Editor in 10.31 ms, found 10 plugins.
Preloading 1 native plugins for Editor in 0.07 ms.
Unloading 3935 Unused Serialized files (Serialized files now loaded: 0)
System memory in use before: 162.9 MB.
System memory in use after: 163.1 MB.

Unloading 60 unused Assets to reduce memory usage. Loaded Objects now: 4565.
Total: 6.703600 ms (FindLiveObjects: 0.354300 ms CreateObjectMapping: 0.225700 ms MarkObjects: 5.985500 ms  DeleteObjects: 0.119100 ms)

AssetImportParameters requested are different than current active one (requested -> active):
  custom:framework-win-MediaFoundation: 216162199b28c13a410421893ffa2e32 -> 
  custom:video-decoder-ogg-theora: a1e56fd34408186e4bbccfd4996cb3dc -> 
  custom:container-muxer-webm: aa71ff27fc2769a1b78a27578f13a17b -> 
  custom:container-demuxer-webm: 4f35f7cbe854078d1ac9338744f61a02 -> 
  custom:container-demuxer-ogg: 62fdf1f143b41e24485cea50d1cbac27 -> 
  custom:video-encoder-webm-vp8: eb34c28f22e8b96e1ab97ce403110664 -> 
  custom:video-decoder-webm-vp8: 9c59270c3fd7afecdb556c50c9e8de78 -> 
  custom:graphics/normal-map-encoding: 01000000000000000000000000000000 -> 02000000000000000000000000000000
  custom:audio-decoder-ogg-vorbis: bf7c407c2cedff20999df2af8eb42d56 -> 
  custom:audio-encoder-webm-vorbis: bf7c407c2cedff20999df2af8eb42d56 -> 
========================================================================
Received Import Request.
  Time since last request: 193.023222 seconds.
  path: Assets/Scenes/MapScene.unity
  artifactKey: Guid(9fc0d4010bbf28b4594072e72b8655ab) Importer(815301076,1909f56bfc062723c751e8b465ee728b)
Start importing Assets/Scenes/MapScene.unity using Guid(9fc0d4010bbf28b4594072e72b8655ab) Importer(815301076,1909f56bfc062723c751e8b465ee728b)  -> (artifact id: 'a0257846f5971d24ca64b3381a6e1a61') in 0.047674 seconds 
  Import took 0.065678 seconds .

========================================================================
Received Prepare
Registering precompiled user dll's ...
Registered in 1.145012 seconds.
Begin MonoManager ReloadAssembly
Native extension for WindowsStandalone target not found
Native extension for WebGL target not found
Refreshing native plugins compatible for Editor in 1.40 ms, found 10 plugins.
Preloading 1 native plugins for Editor in 0.08 ms.
Mono: successfully reloaded assembly
- Completed reload, in  2.392 seconds
Domain Reload Profiling:
	ReloadAssembly (2394ms)
		BeginReloadAssembly (223ms)
			ExecutionOrderSort (0ms)
			DisableScriptedObjects (17ms)
			BackupInstance (0ms)
			ReleaseScriptingObjects (0ms)
			CreateAndSetChildDomain (74ms)
		EndReloadAssembly (2018ms)
			LoadAssemblies (252ms)
			RebuildTransferFunctionScriptingTraits (0ms)
			SetupTypeCache (855ms)
			ReleaseScriptCaches (2ms)
			RebuildScriptCaches (76ms)
			SetupLoadedEditorAssemblies (547ms)
				LogAssemblyErrors (0ms)
				InitializePlatformSupportModulesInManaged (6ms)
				SetLoadedEditorAssemblies (1ms)
				RefreshPlugins (2ms)
				BeforeProcessingInitializeOnLoad (198ms)
				ProcessInitializeOnLoadAttributes (324ms)
				ProcessInitializeOnLoadMethodAttributes (11ms)
				AfterProcessingInitializeOnLoad (5ms)
				EditorAssembliesLoaded (1ms)
			ExecutionOrderSort2 (0ms)
			AwakeInstancesAfterBackupRestoration (23ms)
Platform modules already initialized, skipping
Switching build target platform(19) subTarget(0) extendedPlatform(0) -> platform(13) subTarget(589824) extendedPlatform(0)
Refreshing native plugins compatible for Editor in 1.99 ms, found 10 plugins.
Preloading 1 native plugins for Editor in 0.07 ms.
Unloading 3934 Unused Serialized files (Serialized files now loaded: 0)
System memory in use before: 162.7 MB.
System memory in use after: 162.9 MB.

Unloading 58 unused Assets to reduce memory usage. Loaded Objects now: 4568.
Total: 4.683800 ms (FindLiveObjects: 0.592900 ms CreateObjectMapping: 0.504700 ms MarkObjects: 3.523100 ms  DeleteObjects: 0.061000 ms)

AssetImportParameters requested are different than current active one (requested -> active):
  custom:framework-win-MediaFoundation: 216162199b28c13a410421893ffa2e32 -> 
  custom:video-decoder-ogg-theora: a1e56fd34408186e4bbccfd4996cb3dc -> 
  custom:container-muxer-webm: aa71ff27fc2769a1b78a27578f13a17b -> 
  custom:container-demuxer-webm: 4f35f7cbe854078d1ac9338744f61a02 -> 
  custom:container-demuxer-ogg: 62fdf1f143b41e24485cea50d1cbac27 -> 
  custom:video-encoder-webm-vp8: eb34c28f22e8b96e1ab97ce403110664 -> 
  custom:video-decoder-webm-vp8: 9c59270c3fd7afecdb556c50c9e8de78 -> 
  custom:graphics/normal-map-encoding: 01000000000000000000000000000000 -> 02000000000000000000000000000000
  custom:audio-decoder-ogg-vorbis: bf7c407c2cedff20999df2af8eb42d56 -> 
  custom:audio-encoder-webm-vorbis: bf7c407c2cedff20999df2af8eb42d56 -> 
========================================================================
Received Import Request.
  Time since last request: 122.833432 seconds.
  path: Assets/Scenes/CharacterSelection.unity
  artifactKey: Guid(e37562921ae252840ae85579b8ee6dc9) Importer(815301076,1909f56bfc062723c751e8b465ee728b)
Start importing Assets/Scenes/CharacterSelection.unity using Guid(e37562921ae252840ae85579b8ee6dc9) Importer(815301076,1909f56bfc062723c751e8b465ee728b)  -> (artifact id: '57122bf78dbb461cddac34014eb3d406') in 0.022610 seconds 
  Import took 0.067766 seconds .

========================================================================
Received Prepare
Registering precompiled user dll's ...
Registered in 0.408194 seconds.
Begin MonoManager ReloadAssembly
Native extension for WindowsStandalone target not found
Native extension for WebGL target not found
Refreshing native plugins compatible for Editor in 1.41 ms, found 10 plugins.
Preloading 1 native plugins for Editor in 0.07 ms.
Mono: successfully reloaded assembly
- Completed reload, in  2.407 seconds
Domain Reload Profiling:
	ReloadAssembly (2408ms)
		BeginReloadAssembly (212ms)
			ExecutionOrderSort (0ms)
			DisableScriptedObjects (14ms)
			BackupInstance (0ms)
			ReleaseScriptingObjects (0ms)
			CreateAndSetChildDomain (70ms)
		EndReloadAssembly (2091ms)
			LoadAssemblies (223ms)
			RebuildTransferFunctionScriptingTraits (0ms)
			SetupTypeCache (668ms)
			ReleaseScriptCaches (3ms)
			RebuildScriptCaches (88ms)
			SetupLoadedEditorAssemblies (681ms)
				LogAssemblyErrors (0ms)
				InitializePlatformSupportModulesInManaged (12ms)
				SetLoadedEditorAssemblies (1ms)
				RefreshPlugins (2ms)
				BeforeProcessingInitializeOnLoad (199ms)
				ProcessInitializeOnLoadAttributes (444ms)
				ProcessInitializeOnLoadMethodAttributes (16ms)
				AfterProcessingInitializeOnLoad (6ms)
				EditorAssembliesLoaded (0ms)
			ExecutionOrderSort2 (0ms)
			AwakeInstancesAfterBackupRestoration (31ms)
Platform modules already initialized, skipping
Switching build target platform(19) subTarget(0) extendedPlatform(0) -> platform(13) subTarget(589824) extendedPlatform(0)
Refreshing native plugins compatible for Editor in 1.56 ms, found 10 plugins.
Preloading 1 native plugins for Editor in 0.08 ms.
Unloading 3934 Unused Serialized files (Serialized files now loaded: 0)
System memory in use before: 162.7 MB.
System memory in use after: 163.0 MB.

Unloading 58 unused Assets to reduce memory usage. Loaded Objects now: 4571.
Total: 4.933100 ms (FindLiveObjects: 0.504000 ms CreateObjectMapping: 0.393200 ms MarkObjects: 3.987100 ms  DeleteObjects: 0.046400 ms)

AssetImportParameters requested are different than current active one (requested -> active):
  custom:framework-win-MediaFoundation: 216162199b28c13a410421893ffa2e32 -> 
  custom:video-decoder-ogg-theora: a1e56fd34408186e4bbccfd4996cb3dc -> 
  custom:container-muxer-webm: aa71ff27fc2769a1b78a27578f13a17b -> 
  custom:container-demuxer-webm: 4f35f7cbe854078d1ac9338744f61a02 -> 
  custom:container-demuxer-ogg: 62fdf1f143b41e24485cea50d1cbac27 -> 
  custom:video-encoder-webm-vp8: eb34c28f22e8b96e1ab97ce403110664 -> 
  custom:video-decoder-webm-vp8: 9c59270c3fd7afecdb556c50c9e8de78 -> 
  custom:graphics/normal-map-encoding: 01000000000000000000000000000000 -> 02000000000000000000000000000000
  custom:audio-decoder-ogg-vorbis: bf7c407c2cedff20999df2af8eb42d56 -> 
  custom:audio-encoder-webm-vorbis: bf7c407c2cedff20999df2af8eb42d56 -> 
