Using pre-set license
Built from '2020.3/release' branch; Version is '2020.3.27f1 (e759542391ea) revision 15161684'; Using compiler version '192528614'; Build Type 'Release'
OS: 'Windows 10  (10.0.19044) 64bit Core' Language: 'sv' Physical Memory: 8074 MB
BatchMode: 1, IsHumanControllingUs: 0, StartBugReporterOnCrash: 0, Is64bit: 1, IsPro: 0

COMMAND LINE ARGUMENTS:
E:\Unity\2020.3.27f1\Editor\Unity.exe
-adb2
-batchMode
-noUpm
-name
AssetImportWorker5
-projectPath
E:/Work/CharacterCreator/BE4ME
-logFile
Logs/AssetImportWorker5.log
-srvPort
56618
Successfully changed project path to: E:/Work/CharacterCreator/BE4ME
E:/Work/CharacterCreator/BE4ME
Using Asset Import Pipeline V2.
